0 info it worked if it ends with ok
1 verbose cli [ '/usr/bin/node', '/usr/bin/npm', 'run', 'cypress' ]
2 info using npm@3.5.2
3 info using node@v8.10.0
4 verbose config Skipping project config: /home/aswin1999/.npmrc. (matches userconfig)
5 verbose stack Error: ENOENT: no such file or directory, open '/home/aswin1999/package.json'
6 verbose cwd /home/aswin1999/graphql-engine
7 error Linux 4.15.0-23-generic
8 error argv "/usr/bin/node" "/usr/bin/npm" "run" "cypress"
9 error node v8.10.0
10 error npm  v3.5.2
11 error path /home/aswin1999/package.json
12 error code ENOENT
13 error errno -2
14 error syscall open
15 error enoent ENOENT: no such file or directory, open '/home/aswin1999/package.json'
16 error enoent ENOENT: no such file or directory, open '/home/aswin1999/package.json'
16 error enoent This is most likely not a problem with npm itself
16 error enoent and is related to npm not being able to find a file.
17 verbose exit [ -2, true ]
